# JRE version: Java(TM) SE Runtime Environment (8.0_191-b12) (build 1.8.0_191-b12)
# Java VM: Java HotSpot(TM) Client VM (25.191-b12 mixed mode windows-x86 )
Heap:
 def new generation   total 39424K, used 10645K [0x04800000, 0x072c0000, 0x0f2a0000)
  eden space 35072K,  30% used [0x04800000, 0x05265468, 0x06a40000)
  from space 4352K,   0% used [0x06a40000, 0x06a40000, 0x06e80000)
  to   space 4352K,   0% used [0x06e80000, 0x06e80000, 0x072c0000)
 tenured generation   total 87424K, used 42169K [0x0f2a0000, 0x14800000, 0x24800000)
   the space 87424K,  48% used [0x0f2a0000, 0x11bce790, 0x11bce800, 0x14800000)
 Metaspace       used 21427K, capacity 22026K, committed 22144K, reserved 22912K
GC Heap History (10 events):
Event: 1.167 GC heap before
{Heap before GC invocations=1 (full 0):
 def new generation   total 39296K, used 39296K [0x04800000, 0x072a0000, 0x0f2a0000)
  eden space 34944K, 100% used [0x04800000, 0x06a20000, 0x06a20000)
  from space 4352K, 100% used [0x06e60000, 0x072a0000, 0x072a0000)
  to   space 4352K,   0% used [0x06a20000, 0x06a20000, 0x06e60000)
 tenured generation   total 87424K, used 2988K [0x0f2a0000, 0x14800000, 0x24800000)
   the space 87424K,   3% used [0x0f2a0000, 0x0f58b298, 0x0f58b400, 0x14800000)
 Metaspace       used 11354K, capacity 11694K, committed 11776K, reserved 12672K
Event: 1.195 GC heap after
Heap after GC invocations=2 (full 0):
 def new generation   total 39296K, used 4352K [0x04800000, 0x072a0000, 0x0f2a0000)
  eden space 34944K,   0% used [0x04800000, 0x04800000, 0x06a20000)
  from space 4352K, 100% used [0x06a20000, 0x06e60000, 0x06e60000)
  to   space 4352K,   0% used [0x06e60000, 0x06e60000, 0x072a0000)
 tenured generation   total 87424K, used 7476K [0x0f2a0000, 0x14800000, 0x24800000)
   the space 87424K,   8% used [0x0f2a0000, 0x0f9ed200, 0x0f9ed200, 0x14800000)
 Metaspace       used 11354K, capacity 11694K, committed 11776K, reserved 12672K
}
Event: 1.330 GC heap before
{Heap before GC invocations=2 (full 0):
 def new generation   total 39296K, used 32677K [0x04800000, 0x072a0000, 0x0f2a0000)
  eden space 34944K,  81% used [0x04800000, 0x063a9698, 0x06a20000)
  from space 4352K, 100% used [0x06a20000, 0x06e60000, 0x06e60000)
  to   space 4352K,   0% used [0x06e60000, 0x06e60000, 0x072a0000)
 tenured generation   total 87424K, used 7476K [0x0f2a0000, 0x14800000, 0x24800000)
   the space 87424K,   8% used [0x0f2a0000, 0x0f9ed200, 0x0f9ed200, 0x14800000)
 Metaspace       used 11942K, capacity 12278K, committed 12288K, reserved 12672K
Event: 1.404 GC heap after
Heap after GC invocations=3 (full 1):
 def new generation   total 39424K, used 0K [0x04800000, 0x072c0000, 0x0f2a0000)
  eden space 35072K,   0% used [0x04800000, 0x04800000, 0x06a40000)
  from space 4352K,   0% used [0x06a40000, 0x06a40000, 0x06e80000)
  to   space 4352K,   0% used [0x06e80000, 0x06e80000, 0x072c0000)
 tenured generation   total 87424K, used 31817K [0x0f2a0000, 0x14800000, 0x24800000)
   the space 87424K,  36% used [0x0f2a0000, 0x111b24a8, 0x111b2600, 0x14800000)
 Metaspace       used 11942K, capacity 12278K, committed 12288K, reserved 12672K
}
Event: 2.540 GC heap before
{Heap before GC invocations=3 (full 1):
 def new generation   total 39424K, used 35072K [0x04800000, 0x072c0000, 0x0f2a0000)
  eden space 35072K, 100% used [0x04800000, 0x06a40000, 0x06a40000)
  from space 4352K,   0% used [0x06a40000, 0x06a40000, 0x06e80000)
  to   space 4352K,   0% used [0x06e80000, 0x06e80000, 0x072c0000)
 tenured generation   total 87424K, used 31817K [0x0f2a0000, 0x14800000, 0x24800000)
   the space 87424K,  36% used [0x0f2a0000, 0x111b24a8, 0x111b2600, 0x14800000)
 Metaspace       used 16045K, capacity 16416K, committed 16512K, reserved 16768K
Event: 2.550 GC heap after
Heap after GC invocations=4 (full 1):
 def new generation   total 39424K, used 4352K [0x04800000, 0x072c0000, 0x0f2a0000)
  eden space 35072K,   0% used [0x04800000, 0x04800000, 0x06a40000)
  from space 4352K, 100% used [0x06e80000, 0x072c0000, 0x072c0000)
  to   space 4352K,   0% used [0x06a40000, 0x06a40000, 0x06e80000)
 tenured generation   total 87424K, used 32421K [0x0f2a0000, 0x14800000, 0x24800000)
   the space 87424K,  37% used [0x0f2a0000, 0x11249440, 0x11249600, 0x14800000)
 Metaspace       used 16045K, capacity 16416K, committed 16512K, reserved 16768K
}
Event: 3.355 GC heap before
{Heap before GC invocations=4 (full 1):
 def new generation   total 39424K, used 39424K [0x04800000, 0x072c0000, 0x0f2a0000)
  eden space 35072K, 100% used [0x04800000, 0x06a40000, 0x06a40000)
  from space 4352K, 100% used [0x06e80000, 0x072c0000, 0x072c0000)
  to   space 4352K,   0% used [0x06a40000, 0x06a40000, 0x06e80000)
 tenured generation   total 87424K, used 32421K [0x0f2a0000, 0x14800000, 0x24800000)
   the space 87424K,  37% used [0x0f2a0000, 0x11249440, 0x11249600, 0x14800000)
 Metaspace       used 17093K, capacity 17490K, committed 17536K, reserved 17792K
Event: 3.392 GC heap after
Heap after GC invocations=5 (full 1):
 def new generation   total 39424K, used 3843K [0x04800000, 0x072c0000, 0x0f2a0000)
  eden space 35072K,   0% used [0x04800000, 0x04800000, 0x06a40000)
  from space 4352K,  88% used [0x06a40000, 0x06e00cb0, 0x06e80000)
  to   space 4352K,   0% used [0x06e80000, 0x06e80000, 0x072c0000)
 tenured generation   total 87424K, used 34431K [0x0f2a0000, 0x14800000, 0x24800000)
   the space 87424K,  39% used [0x0f2a0000, 0x1143ffa0, 0x11440000, 0x14800000)
 Metaspace       used 17093K, capacity 17490K, committed 17536K, reserved 17792K
}
Event: 4.416 GC heap before
{Heap before GC invocations=5 (full 1):
 def new generation   total 39424K, used 35794K [0x04800000, 0x072c0000, 0x0f2a0000)
  eden space 35072K,  91% used [0x04800000, 0x06733eb8, 0x06a40000)
  from space 4352K,  88% used [0x06a40000, 0x06e00cb0, 0x06e80000)
  to   space 4352K,   0% used [0x06e80000, 0x06e80000, 0x072c0000)
 tenured generation   total 87424K, used 34431K [0x0f2a0000, 0x14800000, 0x24800000)
   the space 87424K,  39% used [0x0f2a0000, 0x1143ffa0, 0x11440000, 0x14800000)
 Metaspace       used 19869K, capacity 20443K, committed 20480K, reserved 20864K
Event: 4.515 GC heap after
Heap after GC invocations=6 (full 2):
 def new generation   total 39424K, used 0K [0x04800000, 0x072c0000, 0x0f2a0000)
  eden space 35072K,   0% used [0x04800000, 0x04800000, 0x06a40000)
  from space 4352K,   0% used [0x06a40000, 0x06a40000, 0x06e80000)
  to   space 4352K,   0% used [0x06e80000, 0x06e80000, 0x072c0000)
 tenured generation   total 87424K, used 42169K [0x0f2a0000, 0x14800000, 0x24800000)
   the space 87424K,  48% used [0x0f2a0000, 0x11bce790, 0x11bce800, 0x14800000)
 Metaspace       used 19869K, capacity 20443K, committed 20480K, reserved 20864K
}

